<testExecutions version="1">
  <file path="tests/unit/components/accordion/Accordions.spec.jsx">
    <testCase name="Accordion component without expandMoreIcon test - Test headings" duration="648" />
    <testCase name="Accordion component without expandMoreIcon test - Test descriptions" duration="58" />
    <testCase name="Accordion component without expandMoreIcon test - Onclick test" duration="116" />
    <testCase name="Accordion component without expandMoreIcon test - shuld render expand more icon" duration="57" />
    <testCase name="Accordions test with icon - should render expand more icon" duration="318" />
  </file>
  <file path="tests/unit/components/app-auto-complete/AppAutoComplete.spec.jsx">
    <testCase name="AppAutoComplete test - Should render Autocomplete and choose option" duration="1603" />
  </file>
  <file path="tests/unit/components/app-carousel/AppCarousel.spec.jsx">
    <testCase name="AppCarousel test - should render with children" duration="79" />
  </file>
  <file path="tests/unit/components/app-chips/AppChipsList.spec.jsx">
    <testCase name="AppChip test - should show chips" duration="404" />
    <testCase name="AppChip test - should show chip with +3" duration="92" />
    <testCase name="AppChip test - should show only 7 chips" duration="64" />
    <testCase name="AppChip test - should show only 10 chips" duration="513" />
    <testCase name="AppChip test - should delete one chip" duration="90" />
  </file>
  <file path="tests/unit/components/carousel-with-image/CarouselWithImage.spec.jsx">
    <testCase name="CarouselWithImage component test - Test image" duration="206" />
  </file>
  <file path="tests/unit/components/confirm-dialog/ConfirmDialog.spec.jsx">
    <testCase name="Confirm dialog test - should have title text" duration="648" />
    <testCase name="Confirm dialog test - should have message text" duration="108" />
    <testCase name="Confirm dialog test - should confirm" duration="97" />
    <testCase name="Confirm dialog test - should dismiss" duration="115" />
  </file>
  <file path="tests/unit/components/file-uploader/FileUploader.spec.jsx">
    <testCase name="FileUploader test - should render button with upload icon" duration="314" />
    <testCase name="FileUploader test with file - should delete file after uploading" duration="131" />
  </file>
  <file path="tests/unit/components/info-card/InfoCard.spec.jsx">
    <testCase name="InfoCard component - should contain image" duration="542" />
    <testCase name="InfoCard component - should have correct title" duration="11" />
    <testCase name="InfoCard component - should have correct description" duration="113" />
    <testCase name="InfoCard component - should have correct button text" duration="49" />
  </file>
  <file path="tests/unit/components/layout/AppMain.spec.jsx">
    <testCase name="AppMain layout component test - should render loader" duration="221" />
    <testCase name="AppMain layout component test - should dispatch checkAuth if accessToken exists in localStorage" duration="90" />
  </file>
  <file path="tests/unit/components/scroll-to-top-button/ScrollToTopButton.spec.jsx">
    <testCase name="ScrollToTopButton dialog test - should show ArrowUpwardRoundedIcon" duration="356" />
    <testCase name="ScrollToTopButton dialog test - should call function scrollTo" duration="35" />
  </file>
  <file path="tests/unit/components/scroll-to-top/ScrollToTop.spec.jsx">
    <testCase name="ScrollToTop dialog test - should show ArrowUpwardRoundedIcon" duration="74" />
  </file>
  <file path="tests/unit/components/scroll-visibility-wrapper/ScrollVisibilityWrapper.spec.jsx">
    <testCase name="ScrollVisibilityWrapper test - Should show children" duration="58" />
    <testCase name="ScrollVisibilityWrapper test - Should not show children " duration="6" />
  </file>
  <file path="tests/unit/components/step-wrapper/StepWrapper.spec.jsx">
    <testCase name="StepWrapper test - should render second children after click on tab" duration="455" />
    <testCase name="StepWrapper test - should render finish button" duration="376" />
    <testCase name="StepWrapper test - should render first children after click on next and back button" duration="101" />
  </file>
  <file path="tests/unit/containers/app-breadcrumbs/AppBreadCrumbs.spec.jsx">
    <testCase name="AppBreadCrumbs container - should render all breadcrumbs" duration="185" />
    <testCase name="AppBreadCrumbs container - should render two breadcrumb" duration="8" />
    <testCase name="AppBreadCrumbs container - should not render breadcrumbs" duration="20" />
  </file>
  <file path="tests/unit/containers/app-content/AppContent.spec.jsx">
    <testCase name="AppContent container - should render container on the page" duration="1045" />
  </file>
  <file path="tests/unit/containers/email-confirm-modal/EmailConfirmModal.spec.jsx">
    <testCase name="EmailConfirmModal test - should render negative-scenario image and message (BAD_CONFIRM_TOKEN)" duration="344" />
    <testCase name="EmailConfirmModal test - should render negative-scenario image and message (EMAIL_ALREADY_CONFIRMED)" duration="15" />
    <testCase name="EmailConfirmModal test - should render positive-scenario image and message - (response from useAxios)" duration="115" />
    <testCase name="EmailConfirmModal test - should render Loader - (loading from useAxios)" duration="110" />
    <testCase name="EmailConfirmModal test - should render button" duration="42" />
  </file>
  <file path="tests/unit/containers/footer/Footer.spec.jsx">
    <testCase name="Footer component test - should have title text" duration="384" />
    <testCase name="Footer component test - should have link to Privacy Policy" duration="98" />
    <testCase name="Footer component test - should have link to Term of Use" duration="73" />
    <testCase name="Footer with role component test - should have Logo" duration="145" />
  </file>
  <file path="tests/unit/containers/guest-home-page/FeatureBlock.spec.jsx">
    <testCase name="Carousel test - Test should render carousel component" duration="96" />
    <testCase name="Accordion test - Test should render accordion component" duration="316" />
  </file>
  <file path="tests/unit/containers/guest-home-page/Welcome.spec.jsx">
    <testCase name="Welcome component - should have title img" duration="148" />
    <testCase name="Welcome component - should have correct description" duration="77" />
    <testCase name="Welcome component - should have button with correct text" duration="21" />
  </file>
  <file path="tests/unit/containers/guest-home-page/WhatCanYouDo.spec.jsx">
    <testCase name="WhatCanYoDo component - should render popup after button click" duration="2668" />
  </file>
  <file path="tests/unit/containers/guest-home-page/cards-with-button/CardsWithButton.spec.jsx">
    <testCase name="CardsWithButton container - should render popup after button click" duration="1915" />
  </file>
  <file path="tests/unit/containers/guest-home-page/forgot-password/ForgotPassword.spec.jsx">
    <testCase name="ForgotPassword test - should render title" duration="372" />
    <testCase name="ForgotPassword test - should show error after submit with empty input" duration="186" />
    <testCase name="ForgotPassword test - should click back to login and open login dialog" duration="1166" />
    <testCase name="ForgotPassword test - should submit form and open info popup" duration="671" />
    <testCase name="ForgotPassword test - should show error snackbar" duration="569" />
  </file>
  <file path="tests/unit/containers/guest-home-page/google-login/GoogleLogin.spec.jsx">
    <testCase name="GoogleLogin component test for login - should have &quot;or continue&quot; text" duration="226" />
    <testCase name="GoogleLogin component test for login - should have &quot;have account&quot; text" duration="64" />
    <testCase name="GoogleLogin component test for login - should have &quot;Join us&quot; text" duration="14" />
    <testCase name="GoogleLogin component test for login - should close login modal after click" duration="71" />
    <testCase name="GoogleLogin component test for signup - should render login popup" duration="103" />
  </file>
  <file path="tests/unit/containers/guest-home-page/login-dialog/LoginDialog.spec.jsx">
    <testCase name="Login dialog test - should render img" duration="714" />
    <testCase name="Login dialog test - should render head text" duration="131" />
    <testCase name="Login dialog test - should change email value" duration="158" />
    <testCase name="Login dialog test - should change password value" duration="265" />
    <testCase name="Login dialog test - should show error" duration="271" />
    <testCase name="Login dialog test - should dispatch after button submit" duration="290" />
  </file>
  <file path="tests/unit/containers/guest-home-page/login-form/LoginForm.spec.jsx">
    <testCase name="Login form test - should render email input label" duration="665" />
    <testCase name="Login form test - should render password input label" duration="103" />
    <testCase name="Login form test - should render forgot password text" duration="163" />
    <testCase name="Login form test - should render login button" duration="201" />
    <testCase name="Login form test - should show visibility icon" duration="235" />
    <testCase name="Login form test - should submit" duration="133" />
    <testCase name="Login form test - should click forgot password text and open forgot password container" duration="948" />
    <testCase name="Login form test with loading - should render loader" duration="371" />
  </file>
  <file path="tests/unit/containers/guest-home-page/reset-password/ResetPassword.spec.jsx">
    <testCase name="ResetPassword test - should open login dilog after positive response" duration="1079" />
    <testCase name="ResetPassword test - should open snackbar with error after reject" duration="646" />
  </file>
  <file path="tests/unit/containers/guest-home-page/signup-dialog/SignupDialog.spec.jsx">
    <testCase name="Signup dialog test - should render img" duration="1003" />
    <testCase name="Signup dialog test - should render head" duration="793" />
    <testCase name="Signup dialog test - should change email value" duration="558" />
    <testCase name="Signup dialog test - should change password value" duration="557" />
    <testCase name="Signup dialog test - should dispatch after button submit" duration="1984" />
  </file>
  <file path="tests/unit/containers/guest-home-page/signup-form/SignupForm.spec.jsx">
    <testCase name="Signup form test - should render firstName input" duration="849" />
    <testCase name="Signup form test - should render lastName input" duration="183" />
    <testCase name="Signup form test - should render email input" duration="285" />
    <testCase name="Signup form test - should render password input" duration="239" />
    <testCase name="Signup form test - should render confirmPassword input" duration="304" />
    <testCase name="Signup form test - should render checkbox label" duration="260" />
    <testCase name="Signup form test - should render signup button" duration="235" />
    <testCase name="Signup form test - should enable signup button" duration="935" />
    <testCase name="Signup form test - should show visibility icon" duration="535" />
    <testCase name="Signup form test - should submit form" duration="367" />
    <testCase name="Signup form test with loading - should render loader" duration="435" />
  </file>
  <file path="tests/unit/containers/how-it-works/HowItWorks.spec.jsx">
    <testCase name="HowItWorks container - should change info by clicking on switch" duration="823" />
  </file>
  <file path="tests/unit/containers/navbar/NavBar.spec.jsx">
    <testCase name="Guest NavBar test - should render logo element" duration="339" />
    <testCase name="Guest NavBar test - should render navigation item with guestNavBar text" duration="148" />
    <testCase name="Guest NavBar test - should click login button" duration="1571" />
    <testCase name="Guest NavBar test - should open sidebar with close icon after click menu icon" duration="514" />
    <testCase name="Student NavBar test - should render navigation item with navBar text" duration="401" />
    <testCase name="Student NavBar test - should render account icon" duration="206" />
  </file>
  <file path="tests/unit/containers/navigation-icons/NavigationIcons.spec.jsx">
    <testCase name="test with guest role - should open login popup after click" duration="1674" />
    <testCase name="test with guest role - should render and click menu icon" duration="86" />
  </file>
  <file path="tests/unit/containers/navigation-icons/guest-icons/GuestIcons.spec.jsx">
    <testCase name="test with guest role - should render click menu icon" duration="943" />
    <testCase name="test with guest role - should render tooltip title" duration="1134" />
  </file>
  <file path="tests/unit/containers/navigation-icons/user-icons/UserIcons.spec.jsx">
    <testCase name="test with user role - should render click menu icon" duration="654" />
    <testCase name="test with user role - should open account menu" duration="845" />
  </file>
  <file path="tests/unit/containers/sidebar/Sidebar.spec.jsx">
    <testCase name="Sidebar test - should render navigation item with label text" duration="384" />
    <testCase name="Sidebar test - should render link and call setIsSidebarOpen with false after click link" duration="404" />
  </file>
  <file path="tests/unit/containers/student-home-page/faq/Faq.spec.jsx">
    <testCase name="Faq component test - should render title" duration="757" />
    <testCase name="Faq component test - should render findTurot text" duration="280" />
    <testCase name="Faq component test - should open first item after first click on first title and close after second" duration="526" />
    <testCase name="Faq component test - should open first item, close first item and open second after click on second title" duration="397" />
  </file>
  <file path="tests/unit/containers/student-home-page/student-how-it-works/StudentHowItWorks.spec.jsx">
    <testCase name="StudentHowItWorks test - should have section title and description" duration="491" />
    <testCase name="StudentHowItWorks test - should have start learning image, title and description" duration="97" />
  </file>
  <file path="tests/unit/context/snackbar-context.spec.jsx">
    <testCase name="snackbar context - should close snackbar on blur" duration="3089" />
  </file>
  <file path="tests/unit/hooks/use-axios.spec.js">
    <testCase name="Use axios custom hook - should call serviceMock" duration="20" />
  </file>
  <file path="tests/unit/hooks/use-breakpoints.spec.jsx">
    <testCase name="useBreakpoints custom hook - should return correct value for desktop" duration="44" />
    <testCase name="useBreakpoints custom hook - should return correct value for tablet" duration="4" />
    <testCase name="useBreakpoints custom hook - should return correct value for mobile" duration="4" />
  </file>
  <file path="tests/unit/hooks/use-confirm.spec.jsx">
    <testCase name="Use confirm custom hook - should not open confirm dialog" duration="195" />
    <testCase name="Use confirm custom hook - should open confirm dialog" duration="596" />
  </file>
  <file path="tests/unit/hooks/use-form.spec.jsx">
    <testCase name="useForm custom hook test without errors - should have initial values" duration="23" />
    <testCase name="useForm custom hook test without errors - should change data value" duration="5" />
    <testCase name="useForm custom hook test without errors - should blur after change with dirty true" duration="2" />
    <testCase name="useForm custom hook test without errors - should submit" duration="2" />
    <testCase name="useForm custom hook test with errors - should change with validation after blur" duration="1" />
    <testCase name="useForm custom hook test with errors - should handle blur" duration="3" />
    <testCase name="useForm custom hook test with errors - should validate and not submit" duration="5" />
  </file>
  <file path="tests/unit/hooks/use-input-visibility.spec.jsx">
    <testCase name="Use input visibility custom hook - should use input visibility" duration="17" />
  </file>
  <file path="tests/unit/hooks/use-upload.spec.js">
    <testCase name="useUpload custom hook test without errors - should have initial values" duration="110" />
    <testCase name="useUpload custom hook test without errors - should change isDrag value to true after dragStart" duration="4" />
    <testCase name="useUpload custom hook test without errors - should change isDrag value to true after dragStart and to false after dragStart" duration="34" />
    <testCase name="useUpload custom hook test without errors - should change drop fake file" duration="2" />
    <testCase name="useUpload custom hook test without errors - should add fake file" duration="2" />
    <testCase name="useUpload custom hook test without errors - should add fake file and delete" duration="3" />
  </file>
  <file path="tests/unit/pages/cookie-policy/cookiePolicy.spec.jsx">
    <testCase name="CookiePolicy component test - should have section container" duration="307" />
    <testCase name="CookiePolicy component test - should have TitleWithDescription with given title and description" duration="139" />
    <testCase name="CookiePolicy component test - should have TitleWithDescription with given title, subtitle and description" duration="64" />
    <testCase name="CookiePolicy component test - should have TitleWithDescription with given title, subtitle and description 2" duration="34" />
    <testCase name="CookiePolicy component test - should have TitleWithDescription with given title, subtitle" duration="191" />
  </file>
  <file path="tests/unit/pages/error/AuthPolicy.spec.jsx">
    <testCase name="AuthPolicy component - should render title" duration="457" />
    <testCase name="AuthPolicy component - should render description" duration="13" />
    <testCase name="AuthPolicy component - should render button" duration="93" />
    <testCase name="AuthPolicy component - should render image" duration="104" />
  </file>
  <file path="tests/unit/pages/error/BadRequest.spec.jsx">
    <testCase name="BadRequest error page test - should render title" duration="273" />
    <testCase name="BadRequest error page test - should render description" duration="12" />
    <testCase name="BadRequest error page test - should render error logo" duration="15" />
  </file>
  <file path="tests/unit/pages/error/InternalServerError.spec.jsx">
    <testCase name="InternalServerError page test - should render title" duration="429" />
    <testCase name="InternalServerError page test - should render description" duration="125" />
    <testCase name="InternalServerError page test - should render error logo" duration="17" />
  </file>
  <file path="tests/unit/pages/error/NotFound.spec.jsx">
    <testCase name="InternalServerError page test - should render title" duration="447" />
    <testCase name="InternalServerError page test - should render description" duration="105" />
    <testCase name="InternalServerError page test - should render error logo" duration="30" />
  </file>
  <file path="tests/unit/pages/guest-home/GuestHome.spec.jsx">
    <testCase name="GuestHomePage test - should render without opening login modal" duration="1538" />
    <testCase name="GuestHomePage test - should open login modal when login query in url" duration="305" />
  </file>
  <file path="tests/unit/pages/logout/Logout.spec.jsx">
    <testCase name="Logout - dispatches logoutUser action and redirects to home route" duration="50" />
  </file>
  <file path="tests/unit/redux/redux.spec.js">
    <testCase name="redux test - should return the initial state" duration="1" />
    <testCase name="redux test - should set an error to store after signup" duration="5" />
    <testCase name="redux test - should set an error to store after login" duration="1" />
    <testCase name="redux test - should set user data to store after login" duration="2" />
    <testCase name="redux test - should set an error to store after checkAuth" duration="0" />
    <testCase name="redux test - should set user data to store after checkAuth" duration="1" />
    <testCase name="redux test - should set an error to store after logout" duration="1" />
    <testCase name="redux test - should remove user data from store after logout" duration="0" />
    <testCase name="redux test - should clear user data from store" duration="1" />
  </file>
  <file path="tests/unit/router/router.spec.jsx">
    <testCase name="router test - guest routes - shoud render private policy page" duration="0">
      <skipped message="shoud render private policy page" />
    </testCase>
    <testCase name="router test - guest routes - shoud render guest home page" duration="0">
      <skipped message="shoud render guest home page" />
    </testCase>
    <testCase name="router test - student routes - should render student home page" duration="0" />
    <testCase name="router test - student routes - should render student profile page" duration="0" />
    <testCase name="router test - student routes - should render student findTutor page" duration="0" />
    <testCase name="router test - student routes - should render error on protected route" duration="0" />
    <testCase name="router test - tutor routes - should render tutor home page" duration="0" />
    <testCase name="router test - tutor routes - should render error on protected route" duration="0" />
    <testCase name="router test - error routes - should render bad request error" duration="0" />
    <testCase name="router test - error routes - should render internal server error" duration="0" />
    <testCase name="router test - error routes - should render not found error on bad path" duration="0" />
    <testCase name="router test - shoud render loader after logout" duration="0">
      <skipped message="shoud render loader after logout" />
    </testCase>
  </file>
  <file path="tests/unit/services/local-storage-service.spec.js">
    <testCase name="Local storage service test - should return null from local storage" duration="1" />
    <testCase name="Local storage service test - should set item if local storage is empty" duration="1" />
    <testCase name="Local storage service test - should not remove item from local storage" duration="0" />
    <testCase name="Local storage service test - should return item from local storage" duration="0" />
    <testCase name="Local storage service test - should set item to local storage" duration="1" />
    <testCase name="Local storage service test - should remove item from local storage" duration="0" />
  </file>
  <file path="tests/unit/services/location-service.spec.js">
    <testCase name="locationService tests - should return countries" duration="4" />
    <testCase name="locationService tests - should return cities" duration="1" />
  </file>
  <file path="tests/unit/utils/image-resize.spec.jsx">
    <testCase name="calculatePhotoCut - shoud resize picture with width &gt; height" duration="2" />
    <testCase name="calculatePhotoCut - shoud resize picture with height &gt; width" duration="0" />
    <testCase name="imageResize - should handle onload event and return url for new image" duration="5" />
  </file>
</testExecutions>